#
# There is insufficient memory for the Java Runtime Environment to continue.
# Native memory allocation (malloc) failed to allocate 1048576 bytes for AllocateHeap
# Possible reasons:
#   The system is out of physical RAM or swap space
#   The process is running with CompressedOops enabled, and the Java Heap may be blocking the growth of the native heap
# Possible solutions:
#   Reduce memory load on the system
#   Increase physical memory or swap space
#   Check if swap backing store is full
#   Decrease Java heap size (-Xmx/-Xms)
#   Decrease number of Java threads
#   Decrease Java thread stack sizes (-Xss)
#   Set larger code cache with -XX:ReservedCodeCacheSize=
#   JVM is running with Unscaled Compressed Oops mode in which the Java heap is
#     placed in the first 4GB address space. The Java Heap base address is the
#     maximum limit for the native heap growth. Please use -XX:HeapBaseMinAddress
#     to set the Java Heap base and to place the Java Heap above 4GB virtual address.
# This output file may be truncated or incomplete.
#
#  Out of Memory Error (allocation.cpp:44), pid=27380, tid=5968
#
# JRE version:  (20.0.2+9) (build )
# Java VM: Java HotSpot(TM) 64-Bit Server VM (20.0.2+9-78, mixed mode, sharing, tiered, compressed oops, compressed class ptrs, g1 gc, windows-amd64)
# No core dump will be written. Minidumps are not enabled by default on client versions of Windows
#

---------------  S U M M A R Y ------------

Command Line: -Xmx64m -Xms64m -Dorg.gradle.appname=gradlew org.gradle.wrapper.GradleWrapperMain app:installDebug -PreactNativeDevServerPort=8081

Host: 13th Gen Intel(R) Core(TM) i5-1335U, 12 cores, 7G,  Windows 11 , 64 bit Build 22621 (10.0.22621.3235)
Time: Wed Apr  3 23:16:33 2024 Sri Lanka Standard Time elapsed time: 0.050871 seconds (0d 0h 0m 0s)

---------------  T H R E A D  ---------------

Current thread (0x0000023d23945820):  JavaThread "Unknown thread" [_thread_in_vm, id=5968, stack(0x000000909a600000,0x000000909a700000)]

Stack: [0x000000909a600000,0x000000909a700000]
Native frames: (J=compiled Java code, j=interpreted, Vv=VM code, C=native code)
V  [jvm.dll+0x6bc25a]
V  [jvm.dll+0x84971a]
V  [jvm.dll+0x84b315]
V  [jvm.dll+0x84ba13]
V  [jvm.dll+0x280e4f]
V  [jvm.dll+0xbce65]
V  [jvm.dll+0x333ec5]
V  [jvm.dll+0x32c661]
V  [jvm.dll+0x8123df]
V  [jvm.dll+0x3c1261]
V  [jvm.dll+0x7fe103]
V  [jvm.dll+0x44ccaf]
V  [jvm.dll+0x44e621]
C  [jli.dll+0x5287]
C  [ucrtbase.dll+0x29363]
C  [KERNEL32.DLL+0x1257d]
C  [ntdll.dll+0x5aa58]


---------------  P R O C E S S  ---------------

Threads class SMR info:
_java_thread_list=0x00007ffe3cb3b118, length=0, elements={
}

Java Threads: ( => current thread )

Other Threads:
  0x0000023d2396a8a0 WorkerThread "GC Thread#0" [stack: 0x000000909a700000,0x000000909a800000] [id=16116]

[error occurred during error reporting (printing all threads), id 0xc0000005, EXCEPTION_ACCESS_VIOLATION (0xc0000005) at pc=0x00007ffe3c318d60]
VM state: not at safepoint (not fully initialized)

VM Mutex/Monitor currently owned by a thread:  ([mutex/lock_event])
[0x0000023d23940bb0] Heap_lock - owner thread: 0x0000023d23945820

Heap address: 0x00000000fc000000, size: 64 MB, Compressed Oops mode: 32-bit

CDS archive(s) mapped at: [0x0000000000000000-0x0000000000000000-0x0000000000000000), size 0, SharedBaseAddress: 0x0000000800000000, ArchiveRelocationMode: 1.
Narrow klass base: 0x0000000000000000, Narrow klass shift: 0, Narrow klass range: 0x0

GC Precious Log:
 CardTable entry size: 512
 Card Set container configuration: InlinePtr #cards 5 size 8 Array Of Cards #cards 12 size 40 Howl #buckets 4 coarsen threshold 1843 Howl Bitmap #cards 512 size 80 coarsen threshold 460 Card regions per heap region 1 cards per card region 2048

Heap:
 garbage-first heap   total 0K, used 0K [0x00000000fc000000, 0x0000000100000000)
  region size 1024K, 0 young (0K), 0 survivors (0K)

[error occurred during error reporting (printing heap information), id 0xc0000005, EXCEPTION_ACCESS_VIOLATION (0xc0000005) at pc=0x00007ffe3c6f47b9]
GC Heap History (0 events):
No events

Dll operation events (1 events):
Event: 0.028 Loaded shared library C:\Program Files\Java\jdk-20\bin\java.dll

Deoptimization events (0 events):
No events

Classes loaded (0 events):
No events

Classes unloaded (0 events):
No events

Classes redefined (0 events):
No events

Internal exceptions (0 events):
No events

VM Operations (0 events):
No events

Events (0 events):
No events


Dynamic libraries:
0x00007ff6c7cc0000 - 0x00007ff6c7cd0000 	C:\Program Files\Java\jdk-20\bin\java.exe
0x00007ffef61b0000 - 0x00007ffef63c6000 	C:\Windows\SYSTEM32\ntdll.dll
0x00007ffef5f30000 - 0x00007ffef5ff4000 	C:\Windows\System32\KERNEL32.DLL
0x00007ffef34f0000 - 0x00007ffef3896000 	C:\Windows\System32\KERNELBASE.dll
0x00007ffef3c70000 - 0x00007ffef3d81000 	C:\Windows\System32\ucrtbase.dll
0x00007ffe85560000 - 0x00007ffe8557b000 	C:\Program Files\Java\jdk-20\bin\VCRUNTIME140.dll
0x00007ffe87030000 - 0x00007ffe87049000 	C:\Program Files\Java\jdk-20\bin\jli.dll
0x00007ffef5cc0000 - 0x00007ffef5d72000 	C:\Windows\System32\ADVAPI32.dll
0x00007ffef5a90000 - 0x00007ffef5b37000 	C:\Windows\System32\msvcrt.dll
0x00007ffef6000000 - 0x00007ffef60a8000 	C:\Windows\System32\sechost.dll
0x00007ffef3a80000 - 0x00007ffef3aa8000 	C:\Windows\System32\bcrypt.dll
0x00007ffef5320000 - 0x00007ffef5435000 	C:\Windows\System32\RPCRT4.dll
0x00007ffef5d80000 - 0x00007ffef5f2d000 	C:\Windows\System32\USER32.dll
0x00007ffef3b20000 - 0x00007ffef3b46000 	C:\Windows\System32\win32u.dll
0x00007ffed6a00000 - 0x00007ffed6c93000 	C:\Windows\WinSxS\amd64_microsoft.windows.common-controls_6595b64144ccf1df_6.0.22621.3235_none_270f74e173860f98\COMCTL32.dll
0x00007ffef4e70000 - 0x00007ffef4e99000 	C:\Windows\System32\GDI32.dll
0x00007ffef3960000 - 0x00007ffef3a78000 	C:\Windows\System32\gdi32full.dll
0x00007ffef3bd0000 - 0x00007ffef3c6a000 	C:\Windows\System32\msvcp_win.dll
0x00007ffeea360000 - 0x00007ffeea36a000 	C:\Windows\SYSTEM32\VERSION.dll
0x00007ffef5a50000 - 0x00007ffef5a81000 	C:\Windows\System32\IMM32.DLL
0x00007ffeea580000 - 0x00007ffeea58c000 	C:\Program Files\Java\jdk-20\bin\vcruntime140_1.dll
0x00007ffe7b160000 - 0x00007ffe7b1ee000 	C:\Program Files\Java\jdk-20\bin\msvcp140.dll
0x00007ffe3bfe0000 - 0x00007ffe3cc78000 	C:\Program Files\Java\jdk-20\bin\server\jvm.dll
0x00007ffee3cd0000 - 0x00007ffee3cd9000 	C:\Windows\SYSTEM32\WSOCK32.dll
0x00007ffef59d0000 - 0x00007ffef5a41000 	C:\Windows\System32\WS2_32.dll
0x00007ffeea7b0000 - 0x00007ffeea7e4000 	C:\Windows\SYSTEM32\WINMM.dll
0x00007ffef2490000 - 0x00007ffef24a8000 	C:\Windows\SYSTEM32\kernel.appcore.dll
0x00007ffedb490000 - 0x00007ffedb49a000 	C:\Program Files\Java\jdk-20\bin\jimage.dll
0x00007ffef08b0000 - 0x00007ffef0ae3000 	C:\Windows\SYSTEM32\DBGHELP.DLL
0x00007ffef47c0000 - 0x00007ffef4b48000 	C:\Windows\System32\combase.dll
0x00007ffef5150000 - 0x00007ffef5227000 	C:\Windows\System32\OLEAUT32.dll
0x00007ffeea520000 - 0x00007ffeea552000 	C:\Windows\SYSTEM32\dbgcore.DLL
0x00007ffef3b50000 - 0x00007ffef3bca000 	C:\Windows\System32\bcryptPrimitives.dll
0x00007ffe85530000 - 0x00007ffe85556000 	C:\Program Files\Java\jdk-20\bin\java.dll

dbghelp: loaded successfully - version: 4.0.5 - missing functions: none
symbol engine: initialized successfully - sym options: 0x614 - pdb path: .;C:\Program Files\Java\jdk-20\bin;C:\Windows\SYSTEM32;C:\Windows\WinSxS\amd64_microsoft.windows.common-controls_6595b64144ccf1df_6.0.22621.3235_none_270f74e173860f98;C:\Program Files\Java\jdk-20\bin\server

VM Arguments:
jvm_args: -Xmx64m -Xms64m -Dorg.gradle.appname=gradlew 
java_command: org.gradle.wrapper.GradleWrapperMain app:installDebug -PreactNativeDevServerPort=8081
java_class_path (initial): D:\Project\Frontend\android\\gradle\wrapper\gradle-wrapper.jar
Launcher Type: SUN_STANDARD

[Global flags]
     intx CICompilerCount                          = 4                                         {product} {ergonomic}
     uint ConcGCThreads                            = 3                                         {product} {ergonomic}
     uint G1ConcRefinementThreads                  = 10                                        {product} {ergonomic}
   size_t G1HeapRegionSize                         = 1048576                                   {product} {ergonomic}
    uintx GCDrainStackTargetSize                   = 64                                        {product} {ergonomic}
   size_t InitialHeapSize                          = 67108864                                  {product} {command line}
   size_t MarkStackSize                            = 4194304                                   {product} {ergonomic}
   size_t MaxHeapSize                              = 67108864                                  {product} {command line}
   size_t MinHeapDeltaBytes                        = 1048576                                   {product} {ergonomic}
   size_t MinHeapSize                              = 67108864                                  {product} {command line}
    uintx NonNMethodCodeHeapSize                   = 5839372                                {pd product} {ergonomic}
    uintx NonProfiledCodeHeapSize                  = 122909434                              {pd product} {ergonomic}
    uintx ProfiledCodeHeapSize                     = 122909434                              {pd product} {ergonomic}
    uintx ReservedCodeCacheSize                    = 251658240                              {pd product} {ergonomic}
     bool SegmentedCodeCache                       = true                                      {product} {ergonomic}
   size_t SoftMaxHeapSize                          = 67108864                               {manageable} {ergonomic}
     bool UseCompressedClassPointers               = true                           {product lp64_product} {ergonomic}
     bool UseCompressedOops                        = true                           {product lp64_product} {ergonomic}
     bool UseG1GC                                  = true                                      {product} {ergonomic}
     bool UseLargePagesIndividualAllocation        = false                                  {pd product} {ergonomic}

Logging:
Log output configuration:
 #0: stdout all=warning uptime,level,tags foldmultilines=false
 #1: stderr all=off uptime,level,tags foldmultilines=false

Environment Variables:
JAVA_HOME=C:\Program Files\Java\jdk-20
CLASSPATH=D:\Project\Frontend\android\\gradle\wrapper\gradle-wrapper.jar
PATH=D:\Project\Frontend\node_modules\.bin;D:\Project\node_modules\.bin;D:\node_modules\.bin;C:\Users\gihan\AppData\Roaming\npm\node_modules\npm\node_modules\@npmcli\run-script\lib\node-gyp-bin;C:\Program Files\Common Files\Oracle\Java\javapath;C:\Program Files (x86)\Common Files\Oracle\Java\javapath;C:\Program Files\Java\jdk1.8.0_241;C:\Program Files\Git\cmd;C:\Program Files\dotnet\;C:\Program Files\Java\jdk1.8.0_202\bin;C:\Program Files\Mevan\apache-maven-3.9.5\bin;C:\Program Files (x86)\Microsoft SQL Server\160\Tools\Binn\;C:\Program Files\Microsoft SQL Server\160\Tools\Binn\;C:\Program Files\Microsoft SQL Server\Client SDK\ODBC\170\Tools\Binn\;C:\Program Files\Microsoft SQL Server\160\DTS\Binn\;C:\Program Files\Azure Data Studio\bin;C:\Program Files\nodejs\;C:\Program Files\MySQL\MySQL Server 8.0\bin;C:\Program Files (x86)\Microsoft SQL Server\150\Tools\Binn\;C:\Program Files\Microsoft SQL Server\150\Tools\Binn\;C:\Program Files\Microsoft SQL Server\150\DTS\Binn\;C:\Program Files (x86)\Microsoft SQL Server\150\DTS\Binn\;D:\Software\sdk\platform-tools;C:\Program Files\MySQL\MySQL Shell 8.0\bin\;C:\Users\gihan\AppData\Local\Microsoft\WindowsApps;;C:\Users\gihan\AppData\Local\Programs\Microsoft VS Code\bin;C:\Program Files\JetBrains\IntelliJ IDEA Community Edition 2023.2.1\bin;;C:\Program Files\Azure Data Studio\bin;C:\Users\gihan\AppData\Roaming\npm
USERNAME=gihan
LANG=en_US.UTF-8
OS=Windows_NT
PROCESSOR_IDENTIFIER=Intel64 Family 6 Model 186 Stepping 3, GenuineIntel
TMP=C:\Users\gihan\AppData\Local\Temp
TEMP=C:\Users\gihan\AppData\Local\Temp




---------------  S Y S T E M  ---------------

OS:
 Windows 11 , 64 bit Build 22621 (10.0.22621.3235)
OS uptime: 0 days 1:54 hours
Hyper-V role detected

CPU: total 12 (initial active 12) (6 cores per cpu, 2 threads per core) family 6 model 186 stepping 3 microcode 0x4114, cx8, cmov, fxsr, ht, mmx, 3dnowpref, sse, sse2, sse3, ssse3, sse4.1, sse4.2, popcnt, lzcnt, tsc, tscinvbit, avx, avx2, aes, erms, clmul, bmi1, bmi2, adx, sha, fma, vzeroupper, clflush, clflushopt, clwb, hv, serialize, rdtscp, rdpid, fsrm, f16c, cet_ibt, cet_ss

Memory: 4k page, system-wide physical 7876M (370M free)
TotalPageFile size 23441M (AvailPageFile size 5M)
current process WorkingSet (physical memory assigned to process): 10M, peak: 10M
current process commit charge ("private bytes"): 55M, peak: 56M

vm_info: Java HotSpot(TM) 64-Bit Server VM (20.0.2+9-78) for windows-amd64 JRE (20.0.2+9-78), built on 2023-06-14T10:08:48Z by "mach5one" with MS VC++ 17.1 (VS2022)

END.
